
------------------------
2022.12.27 16:55:22
dates
Array
(
    [0] => 
    [1] => 
    [2] => 
    [3] => 05.12.2022 17:25:52
)

------------------------

------------------------
2022.12.27 17:14:38
dates
Array
(
    [0] => 
    [1] => 
    [2] => 
    [3] => 
)

------------------------

------------------------
2022.12.27 17:14:39
dates
Array
(
    [0] => 
    [1] => 
    [2] => 
    [3] => 
)

------------------------

------------------------
2022.12.27 17:16:00
dates
Array
(
    [0] => 
    [1] => 
    [2] => 
    [3] => 
)

------------------------

------------------------
2022.12.27 17:16:00
dates
Array
(
    [0] => 
    [1] => 
    [2] => 
    [3] => 
)

------------------------

------------------------
2022.12.27 17:32:02
dates
Array
(
    [0] => 
    [1] => 
    [2] => 
    [3] => 
)

------------------------

------------------------
2022.12.27 17:32:02
dates
Array
(
    [0] => 
    [1] => 
    [2] => 
    [3] => 
)

------------------------

------------------------
2022.12.27 17:32:08
dates
Array
(
    [0] => 
    [1] => 
    [2] => 
    [3] => 
)

------------------------

------------------------
2022.12.27 17:32:08
dates
Array
(
    [0] => 
    [1] => 
    [2] => 
    [3] => 
)

------------------------

------------------------
2022.12.27 17:32:10
dates
Array
(
    [0] => 
    [1] => 
    [2] => 
    [3] => 
)

------------------------

------------------------
2022.12.27 17:32:10
dates
Array
(
    [0] => 
    [1] => 
    [2] => 
    [3] => 
)

------------------------

------------------------
2022.12.27 17:32:41
dates
Array
(
    [0] => 18.11.2022 15:27:41
    [1] => 13.12.2022 15:53:04
    [2] => 02.09.2022 15:07:30
    [3] => 
)

------------------------

------------------------
2022.12.27 17:32:41
dates
Array
(
    [0] => 21.12.2022 16:51:01
    [1] => 06.05.2022 16:24:35
    [2] => 08.10.2022 14:29:01
    [3] => 
)

------------------------

------------------------
2022.12.27 17:32:41
dates
Array
(
    [0] => 20.12.2022 16:40:17
    [1] => 
    [2] => 26.12.2022 15:11:16
    [3] => 
)

------------------------

------------------------
2022.12.27 17:32:42
dates
Array
(
    [0] => 21.12.2022 16:51:42
    [1] => 
    [2] => 
    [3] => 
)

------------------------

------------------------
2022.12.27 17:32:42
dates
Array
(
    [0] => 27.12.2022 15:48:32
    [1] => 13.12.2022 15:53:04
    [2] => 28.11.2022 16:22:35
    [3] => 
)

------------------------

------------------------
2022.12.27 17:32:42
dates
Array
(
    [0] => 27.12.2022 15:48:32
    [1] => 01.09.2022 22:18:38
    [2] => 
    [3] => 
)

------------------------

------------------------
2022.12.27 17:32:48
dates
Array
(
    [0] => 18.11.2022 15:27:41
    [1] => 13.12.2022 15:53:04
    [2] => 02.09.2022 15:07:30
    [3] => 
)

------------------------

------------------------
2022.12.27 17:32:48
dates
Array
(
    [0] => 21.12.2022 16:51:01
    [1] => 06.05.2022 16:24:35
    [2] => 08.10.2022 14:29:01
    [3] => 
)

------------------------

------------------------
2022.12.27 17:32:48
dates
Array
(
    [0] => 20.12.2022 16:40:17
    [1] => 
    [2] => 26.12.2022 15:11:16
    [3] => 
)

------------------------

------------------------
2022.12.27 17:32:49
dates
Array
(
    [0] => 21.12.2022 16:51:42
    [1] => 
    [2] => 
    [3] => 
)

------------------------

------------------------
2022.12.27 17:32:49
dates
Array
(
    [0] => 27.12.2022 15:48:32
    [1] => 13.12.2022 15:53:04
    [2] => 28.11.2022 16:22:35
    [3] => 
)

------------------------

------------------------
2022.12.27 17:32:49
dates
Array
(
    [0] => 27.12.2022 15:48:32
    [1] => 01.09.2022 22:18:38
    [2] => 
    [3] => 
)

------------------------

------------------------
2022.12.27 17:32:51
dates
Array
(
    [0] => 18.11.2022 15:27:41
    [1] => 13.12.2022 15:53:04
    [2] => 02.09.2022 15:07:30
    [3] => 
)

------------------------

------------------------
2022.12.27 17:32:52
dates
Array
(
    [0] => 21.12.2022 16:51:01
    [1] => 06.05.2022 16:24:35
    [2] => 08.10.2022 14:29:01
    [3] => 
)

------------------------

------------------------
2022.12.27 17:32:52
dates
Array
(
    [0] => 20.12.2022 16:40:17
    [1] => 
    [2] => 26.12.2022 15:11:16
    [3] => 
)

------------------------

------------------------
2022.12.27 17:32:52
dates
Array
(
    [0] => 21.12.2022 16:51:42
    [1] => 
    [2] => 
    [3] => 
)

------------------------

------------------------
2022.12.27 17:32:52
dates
Array
(
    [0] => 27.12.2022 15:48:32
    [1] => 13.12.2022 15:53:04
    [2] => 28.11.2022 16:22:35
    [3] => 
)

------------------------

------------------------
2022.12.27 17:32:52
dates
Array
(
    [0] => 27.12.2022 15:48:32
    [1] => 01.09.2022 22:18:38
    [2] => 
    [3] => 
)

------------------------

------------------------
2022.12.27 17:32:56
dates
Array
(
    [0] => 18.11.2022 15:27:41
    [1] => 13.12.2022 15:53:04
    [2] => 02.09.2022 15:07:30
    [3] => 
)

------------------------

------------------------
2022.12.27 17:32:56
dates
Array
(
    [0] => 21.12.2022 16:51:01
    [1] => 06.05.2022 16:24:35
    [2] => 08.10.2022 14:29:01
    [3] => 
)

------------------------

------------------------
2022.12.27 17:32:56
dates
Array
(
    [0] => 18.03.2022 15:32:25
    [1] => 19.01.2022 11:58:39
    [2] => 
    [3] => 
)

------------------------

------------------------
2022.12.27 17:54:13
dates
Array
(
    [0] => 14.10.2022 14:08:02
    [1] => 
    [2] => 08.12.2022 11:10:13
    [3] => 
)

------------------------

------------------------
2022.12.27 17:54:13
dates
Array
(
    [0] => 24.10.2022 08:46:03
    [1] => 
    [2] => 24.11.2022 08:52:20
    [3] => 
)

------------------------

------------------------
2022.12.27 17:54:14
dates
Array
(
    [0] => 28.09.2022 10:01:03
    [1] => 
    [2] => 14.10.2022 13:02:46
    [3] => 
)

------------------------

------------------------
2022.12.27 17:54:14
dates
Array
(
    [0] => 31.10.2022 11:09:40
    [1] => 
    [2] => 
    [3] => 
)

------------------------

------------------------
2022.12.27 17:54:14
dates
Array
(
    [0] => 18.10.2022 11:21:18
    [1] => 
    [2] => 11.10.2022 15:23:57
    [3] => 
)

------------------------

------------------------
2022.12.27 17:54:14
dates
Array
(
    [0] => 27.09.2022 12:29:33
    [1] => 
    [2] => 11.10.2022 15:24:00
    [3] => 
)

------------------------

------------------------
2022.12.27 17:54:15
dates
Array
(
    [0] => 25.10.2022 09:16:18
    [1] => 
    [2] => 10.11.2022 11:57:13
    [3] => 
)

------------------------

------------------------
2022.12.27 17:54:15
dates
Array
(
    [0] => 28.09.2022 10:37:57
    [1] => 
    [2] => 11.10.2022 15:24:07
    [3] => 
)

------------------------

------------------------
2022.12.27 17:54:15
dates
Array
(
    [0] => 29.09.2022 09:34:02
    [1] => 
    [2] => 20.11.2022 11:04:31
    [3] => 
)

------------------------

------------------------
2022.12.27 17:54:15
dates
Array
(
    [0] => 29.09.2022 09:40:48
    [1] => 
    [2] => 27.11.2022 08:29:11
    [3] => 
)

------------------------

------------------------
2022.12.27 17:54:16
dates
Array
(
    [0] => 29.09.2022 10:10:24
    [1] => 
    [2] => 20.11.2022 09:43:53
    [3] => 
)

------------------------

------------------------
2022.12.27 17:54:16
dates
Array
(
    [0] => 10.10.2022 09:42:04
    [1] => 
    [2] => 
    [3] => 
)

------------------------

------------------------
2022.12.27 17:54:16
dates
Array
(
    [0] => 24.10.2022 08:47:46
    [1] => 
    [2] => 
    [3] => 
)

------------------------

------------------------
2022.12.27 17:54:17
dates
Array
(
    [0] => 12.12.2022 07:35:05
    [1] => 
    [2] => 
    [3] => 
)

------------------------

------------------------
2022.12.27 17:54:17
dates
Array
(
    [0] => 31.10.2022 11:09:40
    [1] => 21.11.2022 14:23:50
    [2] => 
    [3] => 
)

------------------------
